<?xml version="1.0" encoding="UTF-8" ?>
<testsuite tests="2" failures="0" name="PageTest" time="0.196" errors="0" skipped="0">
  <properties>
    <property name="idea.version" value="2022.2.2"/>
    <property name="java.runtime.name" value="Java(TM) SE Runtime Environment"/>
    <property name="java.vm.version" value="17.0.4.1+1-LTS-2"/>
    <property name="sun.boot.library.path" value="C:\Program Files\Java\jdk-17.0.4.1\bin"/>
    <property name="maven.multiModuleProjectDirectory" value="D:\Table\各科文件\工程概论\ZhaoXiongNi\202121331017\code\work_0919"/>
    <property name="java.vm.vendor" value="Oracle Corporation"/>
    <property name="java.vendor.url" value="https://java.oracle.com/"/>
    <property name="guice.disable.misplaced.annotation.check" value="true"/>
    <property name="path.separator" value=";"/>
    <property name="java.vm.name" value="Java HotSpot(TM) 64-Bit Server VM"/>
    <property name="sun.os.patch.level" value=""/>
    <property name="user.script" value=""/>
    <property name="user.country" value="CN"/>
    <property name="sun.java.launcher" value="SUN_STANDARD"/>
    <property name="java.vm.specification.name" value="Java Virtual Machine Specification"/>
    <property name="user.dir" value="D:\Table\各科文件\工程概论\ZhaoXiongNi\202121331017\code\work_0919"/>
    <property name="java.vm.compressedOopsMode" value="Zero based"/>
    <property name="java.runtime.version" value="17.0.4.1+1-LTS-2"/>
    <property name="os.arch" value="amd64"/>
    <property name="java.io.tmpdir" value="C:\Users\13125\AppData\Local\Temp\"/>
    <property name="line.separator" value="
"/>
    <property name="java.vm.specification.vendor" value="Oracle Corporation"/>
    <property name="user.variant" value=""/>
    <property name="os.name" value="Windows 11"/>
    <property name="maven.ext.class.path" value="D:\IntelliJ IDEA 2022.2.1\plugins\maven\lib\maven-event-listener.jar"/>
    <property name="classworlds.conf" value="D:\IntelliJ IDEA 2022.2.1\plugins\maven\lib\maven3\bin\m2.conf"/>
    <property name="sun.jnu.encoding" value="GBK"/>
    <property name="java.library.path" value="C:\Program Files\Java\jdk-17.0.4.1\bin;C:\WINDOWS\Sun\Java\bin;C:\WINDOWS\system32;C:\WINDOWS;E:\nodejs10;E:\WINDOWS.X64_193000_db_home\bin;E:\neo4j\neo4j-community-5.1.0bin;C:\Program Files\Java\jdk-17.0.4.1\bin;C:\Program Files\Common Files\Oracle\Java\javapath;C:\ProgramData\Oracle\Java\javapath;C:\Program Files (x86)\Common Files\Oracle\Java\javapath;C:\Windows\system32;C:\Windows;C:\Windows\System32\Wbem;C:\Windows\System32\WindowsPowerShell\v1.0\;C:\Windows\System32\OpenSSH\;C:\Program Files (x86)\NVIDIA Corporation\PhysX\Common;C:\Program Files\NVIDIA Corporation\NVIDIA NvDLISR;C:\WINDOWS\system32;C:\WINDOWS;C:\WINDOWS\System32\Wbem;C:\WINDOWS\System32\WindowsPowerShell\v1.0\;C:\WINDOWS\System32\OpenSSH\;C:\mingw64\bin;C:\Program Files\Java\jdk1.8.0_131\\bin;C:\WINDOWS\system32;C:\WINDOWS;C:\WINDOWS\System32\Wbem;C:\WINDOWS\System32\WindowsPowerShell\v1.0\;C:\WINDOWS\System32\OpenSSH\;E:\ctag;D:\MSQL SERVER\share\Client SDK\ODBC\170\Tools\Binn\;D:\MSQL SERVER\share86\150\Tools\Binn\;D:\MSQL SERVER\share\150\Tools\Binn\;D:\MSQL SERVER\share\150\DTS\Binn\;D:\MSQL SERVER\share86\150\DTS\Binn\;C:\Program Files\Azure Data Studio\bin;E:\apache-maven-3.9.0\bin;E:\Git\cmd;D:\Table\codenzx\ROOT\node_modules;E:\putty\;E:\Git;E:\nodejs10\;E:\JARSSS\x64\bin;E:\mingw64\bin;E:\conda\Scripts;C:\Program Files\dotnet\;C:\Users\13125\.conda\envs\py35\MinGW\x86_64-w64-mingw32;C:\Users\13125\.conda\envs\py35\MinGW\bin;C:\Users\13125\.conda\envs\py35\Lib\site-packages\theano;C:\Program Files\MySQL\MySQL Shell 8.0\bin\;C:\Program Files\Java\jdk-17.0.4.1\bin;JAVA_HOME%\jre\bin;E:\python\Scripts\;E:\python\;C:\Users\13125\AppData\Local\Microsoft\WindowsApps;C:\Program Files\Bandizip\;D:\iverilog\bin;D:\iverilog\gtkwave\bin;C:\Users\13125\AppData\Local\Programs\Microsoft VS Code\bin;C:\mingw64\bin;E:\PythonCharm\PyCharm Community Edition 2022.2.1\bin;;E:\neo4j\neo4j-community-5.1.0\bin;E:\webStorm\WebStorm 2022.2.3\bin;;C:\Program Files\Azure Data Studio\bin;C:\Users\13125\AppData\Roaming\npm;C:\Users\13125\.dotnet\tools;E:\CLion 2023.1.3\bin;;."/>
    <property name="maven.conf" value="D:\IntelliJ IDEA 2022.2.1\plugins\maven\lib\maven3/conf"/>
    <property name="jdk.debug" value="release"/>
    <property name="java.class.version" value="61.0"/>
    <property name="java.specification.name" value="Java Platform API Specification"/>
    <property name="sun.management.compiler" value="HotSpot 64-Bit Tiered Compilers"/>
    <property name="os.version" value="10.0"/>
    <property name="user.home" value="C:\Users\13125"/>
    <property name="user.timezone" value="Asia/Singapore"/>
    <property name="file.encoding" value="UTF-8"/>
    <property name="java.specification.version" value="17"/>
    <property name="user.name" value="13125"/>
    <property name="java.class.path" value="D:\IntelliJ IDEA 2022.2.1\plugins\maven\lib\maven3\boot\plexus-classworlds-2.6.0.jar;D:\IntelliJ IDEA 2022.2.1\plugins\maven\lib\maven3\boot\plexus-classworlds.license"/>
    <property name="java.vm.specification.version" value="17"/>
    <property name="sun.arch.data.model" value="64"/>
    <property name="sun.java.command" value="org.codehaus.classworlds.Launcher -Didea.version=2022.2.2 package"/>
    <property name="java.home" value="C:\Program Files\Java\jdk-17.0.4.1"/>
    <property name="user.language" value="zh"/>
    <property name="java.specification.vendor" value="Oracle Corporation"/>
    <property name="java.vm.info" value="mixed mode, sharing"/>
    <property name="java.version" value="17.0.4.1"/>
    <property name="native.encoding" value="GBK"/>
    <property name="java.vendor" value="Oracle Corporation"/>
    <property name="maven.home" value="D:\IntelliJ IDEA 2022.2.1\plugins\maven\lib\maven3"/>
    <property name="file.separator" value="\"/>
    <property name="java.version.date" value="2022-08-18"/>
    <property name="java.vendor.url.bug" value="https://bugreport.java.com/bugreport/"/>
    <property name="sun.io.unicode.encoding" value="UnicodeLittle"/>
    <property name="sun.cpu.endian" value="little"/>
    <property name="sun.cpu.isalist" value="amd64"/>
  </properties>
  <testcase classname="PageTest" name="pathErrorTest" time="0.183"/>
  <testcase classname="PageTest" name="mainTest" time="0.013"/>
</testsuite>